<?xml version="1.0" encoding="UTF-8"?>
<testsuite name="br.com.desktop.infrastructure.web.api.CustomersControllerTest" tests="1" skipped="0" failures="0" errors="0" timestamp="2024-01-17T18:07:04" hostname="CTNDELL8BNWVM3" time="0.621">
  <properties/>
  <testcase name="testGetClient()" classname="br.com.desktop.infrastructure.web.api.CustomersControllerTest" time="0.621"/>
  <system-out><![CDATA[15:07:04.691 [Test worker] DEBUG reactor.util.Loggers - Using Slf4j logging framework
]]></system-out>
  <system-err><![CDATA[]]></system-err>
</testsuite>
